<?xml version="1.0" encoding="UTF-8"?>
<!-- Generated by org.testng.reporters.JUnitXMLReporter -->
<testsuite ignored="0" hostname="Abhisheks-MacBook-Air.local" failures="0" tests="12" name="Test" time="2.692" errors="0" timestamp="2024-06-18T18:59:56 IST">
  <testcase classname="testcases.dispensary_testcase" name="@BeforeClass initBrowser" time="2.518">
    <failure type="org.openqa.selenium.remote.NoSuchDriverException" message="chromedriver located at /Users/abhisheksharma/Documents/YAKSHA/Clients/Selenium/HealthApp_yaksha_working_code-Dispensary\driver\chromedriver.exe, but invalid
For documentation on this error, please visit: https://www.selenium.dev/documentation/webdriver/troubleshooting/errors/driver_location/
Build info: version: &amp;apos;4.10.0&amp;apos;, revision: &amp;apos;c14d967899&amp;apos;
System info: os.name: &amp;apos;Mac OS X&amp;apos;, os.arch: &amp;apos;x86_64&amp;apos;, os.version: &amp;apos;14.5&amp;apos;, java.version: &amp;apos;17.0.5&amp;apos;
Driver info: driver.version: ChromeDriver">
      <![CDATA[org.openqa.selenium.remote.NoSuchDriverException: chromedriver located at /Users/abhisheksharma/Documents/YAKSHA/Clients/Selenium/HealthApp_yaksha_working_code-Dispensary\driver\chromedriver.exe, but invalid
For documentation on this error, please visit: https://www.selenium.dev/documentation/webdriver/troubleshooting/errors/driver_location/
Build info: version: '4.10.0', revision: 'c14d967899'
System info: os.name: 'Mac OS X', os.arch: 'x86_64', os.version: '14.5', java.version: '17.0.5'
Driver info: driver.version: ChromeDriver
at org.openqa.selenium.remote.service.DriverFinder.getPath(DriverFinder.java:45)
at org.openqa.selenium.chrome.ChromeDriver.generateExecutor(ChromeDriver.java:98)
at org.openqa.selenium.chrome.ChromeDriver.<init>(ChromeDriver.java:87)
at org.openqa.selenium.chrome.ChromeDriver.<init>(ChromeDriver.java:82)
at org.openqa.selenium.chrome.ChromeDriver.<init>(ChromeDriver.java:71)
at coreUtilities.testbase.TestBase.initialize(TestBase.java:37)
at testcases.dispensary_testcase.initBrowser(dispensary_testcase.java:39)
at java.base/java.util.concurrent.ThreadPoolExecutor.runWorker(ThreadPoolExecutor.java:1136)
at java.base/java.util.concurrent.ThreadPoolExecutor$Worker.run(ThreadPoolExecutor.java:635)
at java.base/java.lang.Thread.run(Thread.java:833)
... Removed 10 stack frames]]>
    </failure>
  </testcase> <!-- @BeforeClass initBrowser -->
  <testcase classname="testcases.dispensary_testcase" name="@AfterClass tearDown" time="0.001">
    <failure type="java.lang.NullPointerException" message="Cannot invoke &amp;quot;org.openqa.selenium.WebDriver.quit()&amp;quot; because &amp;quot;this.driver&amp;quot; is null">
      <![CDATA[java.lang.NullPointerException: Cannot invoke "org.openqa.selenium.WebDriver.quit()" because "this.driver" is null
at coreUtilities.testbase.TestBase.browserTearDown(TestBase.java:105)
at testcases.dispensary_testcase.tearDown(dispensary_testcase.java:152)
at java.base/java.util.concurrent.ThreadPoolExecutor.runWorker(ThreadPoolExecutor.java:1136)
at java.base/java.util.concurrent.ThreadPoolExecutor$Worker.run(ThreadPoolExecutor.java:635)
at java.base/java.lang.Thread.run(Thread.java:833)
... Removed 11 stack frames]]>
    </failure>
  </testcase> <!-- @AfterClass tearDown -->
  <testcase classname="testcases.dispensary_testcase" name="verifyTitleOfTheHomePage" time="0.0">
    <skipped/>
  </testcase> <!-- verifyTitleOfTheHomePage -->
  <testcase classname="testcases.dispensary_testcase" name="verifyDispensaryModuleIsPresentOrNot" time="0.0">
    <skipped/>
  </testcase> <!-- verifyDispensaryModuleIsPresentOrNot -->
  <testcase classname="testcases.dispensary_testcase" name="verifyAllSubModulesArePresent" time="0.0">
    <skipped/>
  </testcase> <!-- verifyAllSubModulesArePresent -->
  <testcase classname="testcases.dispensary_testcase" name="scrollToButtomAndVerifyTheFields" time="0.0">
    <skipped/>
  </testcase> <!-- scrollToButtomAndVerifyTheFields -->
  <testcase classname="testcases.dispensary_testcase" name="performTheKeyboardOperationToOpenThePopup" time="0.0">
    <skipped/>
  </testcase> <!-- performTheKeyboardOperationToOpenThePopup -->
  <testcase classname="testcases.dispensary_testcase" name="validateTheErrorMessageInFirstnameTextfield" time="0.0">
    <skipped/>
  </testcase> <!-- validateTheErrorMessageInFirstnameTextfield -->
  <testcase classname="testcases.dispensary_testcase" name="fillAllTheTextfields" time="0.0">
    <skipped/>
  </testcase> <!-- fillAllTheTextfields -->
  <testcase classname="testcases.dispensary_testcase" name="navigateToLastPageOfTheStockDetails" time="0.0">
    <skipped/>
  </testcase> <!-- navigateToLastPageOfTheStockDetails -->
  <testcase classname="testcases.dispensary_testcase" name="checkMainDispensaryIsSelected" time="0.0">
    <skipped/>
  </testcase> <!-- checkMainDispensaryIsSelected -->
  <testcase classname="testcases.dispensary_testcase" name="validateCreateRequisitionButton" time="0.0">
    <skipped/>
  </testcase> <!-- validateCreateRequisitionButton -->
  <testcase classname="testcases.dispensary_testcase" name="verifyTheFieldIsPresent" time="0.0">
    <skipped/>
  </testcase> <!-- verifyTheFieldIsPresent -->
  <testcase classname="testcases.dispensary_testcase" name="verifyThePageShouldCome" time="0.0">
    <skipped/>
  </testcase> <!-- verifyThePageShouldCome -->
</testsuite> <!-- Test -->
